<?xml version="1.0" encoding="UTF-8"?>
<!-- Generated by org.testng.reporters.JUnitReportReporter -->
<testsuite hostname="zkxp-PC" name="com.szt3.user.test.LoginTest" tests="4" failures="0" timestamp="7 Nov 2013 01:17:16 GMT" time="11.302" errors="0">
  <testcase name="testCreateUser" time="2.400" classname="com.szt3.user.test.LoginTest"/>
  <testcase name="testCreateUser" time="2.849" classname="com.szt3.user.test.LoginTest"/>
  <testcase name="testCreateUser" time="3.076" classname="com.szt3.user.test.LoginTest"/>
  <testcase name="testCreateUser" time="2.977" classname="com.szt3.user.test.LoginTest"/>
</testsuite> <!-- com.szt3.user.test.LoginTest -->
