<?xml version="1.0" encoding="UTF-8"?>
<!-- Generated by org.testng.reporters.JUnitReportReporter -->
<testsuite hostname="zkxp-PC" name="com.szt3.user.login.LoginTest" tests="4" failures="0" timestamp="28 Oct 2013 09:25:00 GMT" time="16.870" errors="0">
  <testcase name="testLogin" time="4.329" classname="com.szt3.user.login.LoginTest"/>
  <testcase name="testLogin" time="3.674" classname="com.szt3.user.login.LoginTest"/>
  <testcase name="testLogin" time="4.703" classname="com.szt3.user.login.LoginTest"/>
  <testcase name="testLogin" time="4.164" classname="com.szt3.user.login.LoginTest"/>
</testsuite> <!-- com.szt3.user.login.LoginTest -->
