<?xml version="1.0" encoding="UTF-8"?>
<!-- Generated by org.testng.reporters.JUnitReportReporter -->
<testsuite hostname="zkxp-PC" name="TestNGDDT" tests="4" failures="0" timestamp="28 Oct 2013 06:49:39 GMT" time="13.069" errors="0">
  <testcase name="testLogin" time="3.119" classname="TestNGDDT"/>
  <testcase name="testLogin" time="2.567" classname="TestNGDDT"/>
  <testcase name="testLogin" time="3.484" classname="TestNGDDT"/>
  <testcase name="testLogin" time="3.899" classname="TestNGDDT"/>
</testsuite> <!-- TestNGDDT -->
